<?xml version="1.0" encoding="UTF-8"?>
<!-- Generated by org.testng.reporters.JUnitReportReporter -->
<testsuite hostname="DESKTOP-QJINDOB" failures="0" tests="1" name="CMD.ReadRuntimeMavenParameter" time="0.048" errors="0" timestamp="2025-07-08T16:39:37 IST" skipped="0">
  <testcase classname="CMD.ReadRuntimeMavenParameter" name="RuntimeParameterTest" time="0.048"/>
  <system-out/>
</testsuite> <!-- CMD.ReadRuntimeMavenParameter -->
