<?xml version="1.0" encoding="UTF-8"?>
<!-- Generated by org.testng.reporters.JUnitReportReporter -->
<testsuite hostname="DESKTOP-QJINDOB" failures="0" tests="3" name="TestNG.PriorityTest" time="0.039" errors="0" timestamp="2025-07-22T15:49:02 IST" skipped="0">
  <testcase classname="TestNG.PriorityTest" name="createAccountPageTest" time="0.027"/>
  <testcase classname="TestNG.PriorityTest" name="loginPageTest" time="0.008"/>
  <testcase classname="TestNG.PriorityTest" name="homepageTest" time="0.004"/>
</testsuite> <!-- TestNG.PriorityTest -->
