<?xml version="1.0" encoding="UTF-8"?>
<!-- Generated by org.testng.reporters.JUnitReportReporter -->
<testsuite hostname="DESKTOP-QJINDOB" failures="0" tests="6" name="TestNG.InvocationCountTest" time="0.060" errors="0" timestamp="2025-07-22T16:00:55 IST" skipped="1">
  <testcase classname="TestNG.InvocationCountTest" name="createAccountPageTest" time="0.024"/>
  <testcase classname="TestNG.InvocationCountTest" name="createAccountPageTest" time="0.009"/>
  <testcase classname="TestNG.InvocationCountTest" name="createAccountPageTest" time="0.006"/>
  <testcase classname="TestNG.InvocationCountTest" name="createAccountPageTest" time="0.008"/>
  <testcase classname="TestNG.InvocationCountTest" name="createAccountPageTest" time="0.013"/>
  <testcase classname="TestNG.InvocationCountTest" name="loginPageTest">
    <skipped/>
  </testcase> <!-- loginPageTest -->
</testsuite> <!-- TestNG.InvocationCountTest -->
