<?xml version="1.0" encoding="UTF-8"?>
<!-- Generated by org.testng.reporters.JUnitReportReporter -->
<testsuite hostname="DESKTOP-QJINDOB" failures="0" tests="1" name="TestNG.LoginTest" time="96.623" errors="0" timestamp="2025-07-23T21:37:33 IST" skipped="0">
  <testcase classname="TestNG.LoginTest" name="loginTestCase" time="96.623"/>
</testsuite> <!-- TestNG.LoginTest -->
