<?xml version="1.0" encoding="UTF-8"?>
<!-- Generated by org.testng.reporters.JUnitReportReporter -->
<testsuite hostname="DESKTOP-QJINDOB" failures="0" tests="1" name="Calender.GoIBibo" time="233.529" errors="0" timestamp="2025-07-18T16:52:54 IST" skipped="0">
  <testcase classname="Calender.GoIBibo" name="goiBibo_test" time="233.529"/>
</testsuite> <!-- Calender.GoIBibo -->
