<?xml version="1.0" encoding="UTF-8"?>
<!-- Generated by org.testng.reporters.JUnitReportReporter -->
<testsuite hostname="DESKTOP-QJINDOB" failures="0" tests="1" name="Report.SampleReportTest" time="4.042" errors="0" timestamp="2025-07-30T16:24:40 IST" skipped="0">
  <testcase classname="Report.SampleReportTest" name="createContactText" time="4.042"/>
</testsuite> <!-- Report.SampleReportTest -->
