<?xml version="1.0" encoding="UTF-8"?>
<!-- Generated by org.testng.reporters.JUnitReportReporter -->
<testsuite hostname="DESKTOP-QJINDOB" failures="0" tests="1" name="CMD.Sample__Test" time="0.099" errors="0" timestamp="2025-07-09T10:02:28 IST" skipped="0">
  <testcase classname="CMD.Sample__Test" name="m1" time="0.099"/>
</testsuite> <!-- CMD.Sample__Test -->
