<?xml version="1.0" encoding="UTF-8"?>
<!-- Generated by org.testng.reporters.JUnitReportReporter -->
<testsuite hostname="DESKTOP-QJINDOB" failures="0" tests="1" name="Calender.MakeMyTrip" time="135.904" errors="0" timestamp="2025-07-18T23:56:16 IST" skipped="0">
  <testcase classname="Calender.MakeMyTrip" name="myTrip_test" time="135.904"/>
</testsuite> <!-- Calender.MakeMyTrip -->
