<?xml version="1.0" encoding="UTF-8"?>
<!-- Generated by org.testng.reporters.JUnitReportReporter -->
<testsuite hostname="DESKTOP-QJINDOB" failures="0" tests="3" name="Assertion.CreateOrgTest" time="157.280" errors="0" timestamp="2025-07-28T16:26:43 IST" skipped="0">
  <testcase classname="Assertion.CreateOrgTest" name="createOrgWithPhoneNo" time="34.146"/>
  <testcase classname="Assertion.CreateOrgTest" name="createOrgWithIndustryAndAccountType" time="71.040"/>
  <testcase classname="Assertion.CreateOrgTest" name="createOrg" time="52.094"/>
</testsuite> <!-- Assertion.CreateOrgTest -->
