<?xml version="1.0" encoding="UTF-8"?>
<!-- Generated by org.testng.reporters.JUnitReportReporter -->
<testsuite hostname="DESKTOP-QJINDOB" failures="0" tests="3" name="TestNG.DependsOnMethodTest" time="0.078" errors="0" timestamp="2025-07-23T09:39:20 IST" skipped="0">
  <testcase classname="TestNG.DependsOnMethodTest" name="createAccountPageTest" time="0.071"/>
  <testcase classname="TestNG.DependsOnMethodTest" name="loginPageTest" time="0.004"/>
  <testcase classname="TestNG.DependsOnMethodTest" name="homepageTest" time="0.003"/>
</testsuite> <!-- TestNG.DependsOnMethodTest -->
