<?xml version="1.0" encoding="UTF-8"?>
<!-- Generated by org.testng.reporters.JUnitReportReporter -->
<testsuite hostname="DESKTOP-QJINDOB" failures="0" tests="2" name="TestNG.TextAnnotationTest" time="0.138" errors="0" timestamp="2025-07-22T15:39:27 IST" skipped="0">
  <testcase classname="TestNG.TextAnnotationTest" name="loginPageTest" time="0.006"/>
  <testcase classname="TestNG.TextAnnotationTest" name="createAccountPageTest" time="0.132"/>
</testsuite> <!-- TestNG.TextAnnotationTest -->
