<?xml version="1.0" encoding="UTF-8"?>
<!-- Generated by org.testng.reporters.JUnitReportReporter -->
<testsuite hostname="DESKTOP-QJINDOB" failures="0" tests="1" name="Report.CreateContactTest" time="150.163" errors="0" timestamp="2025-07-31T16:15:25 IST" skipped="0">
  <testcase classname="Report.CreateContactTest" name="createContactTest" time="150.163"/>
</testsuite> <!-- Report.CreateContactTest -->
