<?xml version="1.0" encoding="UTF-8"?>
<!-- Generated by org.testng.reporters.JUnitReportReporter -->
<testsuite hostname="DESKTOP-QJINDOB" failures="0" tests="3" name="TestNG.CreateOrgTest" time="251.108" errors="0" timestamp="2025-07-26T12:36:07 IST" skipped="0">
  <testcase classname="TestNG.CreateOrgTest" name="createOrgWithPhoneNo" time="37.179"/>
  <testcase classname="TestNG.CreateOrgTest" name="createContact" time="175.542"/>
  <testcase classname="TestNG.CreateOrgTest" name="createOrgWithIndustryAndAccountType" time="38.387"/>
</testsuite> <!-- TestNG.CreateOrgTest -->
