<?xml version="1.0" encoding="UTF-8"?>
<!-- Generated by org.testng.reporters.JUnitReportReporter -->
<testsuite hostname="DESKTOP-QJINDOB" failures="0" tests="1" name="XML.ReadDataFromTestNGXmlTest" time="0.029" errors="0" timestamp="2025-07-09T15:00:20 IST" skipped="0">
  <testcase classname="XML.ReadDataFromTestNGXmlTest" name="rTest" time="0.029"/>
</testsuite> <!-- XML.ReadDataFromTestNGXmlTest -->
