<?xml version="1.0" encoding="UTF-8"?>
<!-- Generated by org.testng.reporters.JUnitReportReporter -->
<testsuite hostname="DESKTOP-QJINDOB" failures="0" tests="1" name="JDBC.SampleUnitTestCheckProjectTest" time="0.626" errors="0" timestamp="2025-07-10T15:46:57 IST" skipped="0">
  <testcase classname="JDBC.SampleUnitTestCheckProjectTest" name="projectTest" time="0.626"/>
</testsuite> <!-- JDBC.SampleUnitTestCheckProjectTest -->
