<?xml version="1.0" encoding="UTF-8"?>
<!-- Generated by org.testng.reporters.JUnitReportReporter -->
<testsuite hostname="DESKTOP-QJINDOB" failures="0" tests="1" name="BrokenLinks.BrokenLink" time="118.952" errors="0" timestamp="2025-07-18T14:49:34 IST" skipped="0">
  <testcase classname="BrokenLinks.BrokenLink" name="handleBrokenLink_test" time="118.952"/>
</testsuite> <!-- BrokenLinks.BrokenLink -->
