<?xml version="1.0" encoding="UTF-8"?>
<!-- Generated by org.testng.reporters.JUnitReportReporter -->
<testsuite hostname="DESKTOP-QJINDOB" failures="0" tests="6" name="TestNG.CreateContactWithOrganizationTest" time="815.836" errors="0" timestamp="2025-07-26T12:08:41 IST" skipped="0">
  <testcase classname="TestNG.CreateContactWithOrganizationTest" name="createContactTest" time="105.734"/>
  <testcase classname="TestNG.CreateContactWithOrganizationTest" name="createContactTest" time="97.897"/>
  <testcase classname="TestNG.CreateContactWithOrganizationTest" name="createContactWithOrg" time="115.120"/>
  <testcase classname="TestNG.CreateContactWithOrganizationTest" name="createContactWithSupportDate" time="173.717"/>
  <testcase classname="TestNG.CreateContactWithOrganizationTest" name="createContactWithOrg" time="135.375"/>
  <testcase classname="TestNG.CreateContactWithOrganizationTest" name="createContactWithSupportDate" time="187.993"/>
</testsuite> <!-- TestNG.CreateContactWithOrganizationTest -->
