<?xml version="1.0" encoding="UTF-8"?>
<!-- Generated by org.testng.reporters.JUnitReportReporter -->
<testsuite hostname="DESKTOP-QJINDOB" failures="0" tests="1" name="CMD.Sample__Test" time="0.015" errors="0" timestamp="2025-07-09T10:14:02 IST" skipped="0">
  <testcase classname="CMD.Sample__Test" name="m1_Test" time="0.015"/>
  <system-out/>
</testsuite> <!-- CMD.Sample__Test -->
