<?xml version="1.0" encoding="UTF-8"?>
<!-- Generated by org.testng.reporters.JUnitReportReporter -->
<testsuite hostname="DESKTOP-QJINDOB" failures="0" tests="1" name="CMD.Sample_Test" time="0.012" errors="0" timestamp="2025-07-09T10:16:56 IST" skipped="0">
  <testcase classname="CMD.Sample_Test" name="m1_Test" time="0.012"/>
  <system-out/>
</testsuite> <!-- CMD.Sample_Test -->
