<?xml version="1.0" encoding="UTF-8"?>
<!-- Generated by org.testng.reporters.JUnitReportReporter -->
<testsuite hostname="DESKTOP-QJINDOB" failures="0" tests="2" name="MVN.CreateContactTest" time="0.026" errors="0" timestamp="2025-08-13T15:29:20 IST" skipped="0">
  <testcase classname="MVN.CreateContactTest" name="createcontactTest" time="0.013"/>
  <system-out/>
  <testcase classname="MVN.CreateContactTest" name="createcontactwithOrgTest" time="0.013"/>
  <system-out/>
</testsuite> <!-- MVN.CreateContactTest -->
